<?xml version="1.0" encoding="UTF-8"?>
<!-- Generated by org.testng.reporters.JUnitReportReporter -->
<testsuite hostname="NetprosDE" failures="0" tests="1" name="com.mycustomgun.TestRunner.TC1_Validate_Login" time="7.731" errors="0" timestamp="2021-07-27T21:09:57 IST" skipped="0">
  <testcase classname="com.mycustomgun.TestRunner.TC1_Validate_Login" name="customer_Registraion" time="7.731"/>
  <system-out/>
</testsuite> <!-- com.mycustomgun.TestRunner.TC1_Validate_Login -->
