<?xml version="1.0" encoding="UTF-8"?>
<!-- Generated by org.testng.reporters.JUnitReportReporter -->
<testsuite hostname="NetprosDE" failures="0" tests="1" name="com.mycustomgun.TestRunner.web.TC5_Verify_Plaform_Selections" time="11.226" errors="0" timestamp="2021-08-12T07:09:08 IST" skipped="0">
  <testcase classname="com.mycustomgun.TestRunner.web.TC5_Verify_Plaform_Selections" name="guestUser_FillDetails_GunBuilder_Pages" time="11.226"/>
  <system-out/>
</testsuite> <!-- com.mycustomgun.TestRunner.web.TC5_Verify_Plaform_Selections -->
