<?xml version="1.0" encoding="UTF-8"?>
<!-- Generated by org.testng.reporters.JUnitReportReporter -->
<testsuite hostname="DESKTOP-JQMCIDH" failures="0" tests="1" name="com.homeaharaa.TestRunner.web.TC1_BuyPapaditem" time="150.318" errors="0" timestamp="2021-10-17T17:34:09 IST" skipped="0">
  <testcase classname="com.homeaharaa.TestRunner.web.TC1_BuyPapaditem" name="validatesweetitems" time="150.318"/>
  <system-out/>
</testsuite> <!-- com.homeaharaa.TestRunner.web.TC1_BuyPapaditem -->
