<?xml version="1.0" encoding="UTF-8"?>
<!-- Generated by org.testng.reporters.JUnitReportReporter -->
<testsuite hostname="NetprosDE" failures="0" tests="1" name="com.mycustomgun.TestRunner.web.TC14_Verify_CheckOut_Selections" time="102.938" errors="0" timestamp="2021-08-21T01:25:52 IST" skipped="0">
  <testcase classname="com.mycustomgun.TestRunner.web.TC14_Verify_CheckOut_Selections" name="guestUser_ClickGunBuilder_Pages" time="102.938"/>
  <system-out/>
</testsuite> <!-- com.mycustomgun.TestRunner.web.TC14_Verify_CheckOut_Selections -->
