<?xml version="1.0" encoding="UTF-8"?>
<!-- Generated by org.testng.reporters.JUnitReportReporter -->
<testsuite hostname="NetprosDE" failures="0" tests="1" name="com.mycustomgun.TestRunner.web.TC16_Verify_Cart_Selections" time="106.264" errors="0" timestamp="2021-08-21T12:27:46 IST" skipped="0">
  <testcase classname="com.mycustomgun.TestRunner.web.TC16_Verify_Cart_Selections" name="guestUser_ClickGunBuilder_Pages" time="106.264"/>
  <system-out/>
</testsuite> <!-- com.mycustomgun.TestRunner.web.TC16_Verify_Cart_Selections -->
