<?xml version="1.0" encoding="UTF-8"?>
<!-- Generated by org.testng.reporters.JUnitReportReporter -->
<testsuite hostname="DESKTOP-JQMCIDH" failures="0" tests="1" name="com.homeaharaa.TestRunner.web.TC1_UtensilsPriceValidation" time="876.287" errors="0" timestamp="2021-10-16T05:48:58 IST" skipped="0">
  <testcase classname="com.homeaharaa.TestRunner.web.TC1_UtensilsPriceValidation" name="validatesweetitems" time="876.287"/>
  <system-out/>
</testsuite> <!-- com.homeaharaa.TestRunner.web.TC1_UtensilsPriceValidation -->
