<?xml version="1.0" encoding="UTF-8"?>
<!-- Generated by org.testng.reporters.JUnitReportReporter -->
<testsuite hostname="NetprosDE" failures="0" tests="1" name="com.mycustomgun.TestRunner.web.TC20_Verify_Submit_Selections" time="140.045" errors="0" timestamp="2021-08-22T17:11:38 IST" skipped="0">
  <testcase classname="com.mycustomgun.TestRunner.web.TC20_Verify_Submit_Selections" name="guestUser_ClickGunBuilder_Pages" time="140.045"/>
  <system-out/>
</testsuite> <!-- com.mycustomgun.TestRunner.web.TC20_Verify_Submit_Selections -->
