<?xml version="1.0" encoding="UTF-8"?>
<!-- Generated by org.testng.reporters.JUnitReportReporter -->
<testsuite hostname="NetprosDE" failures="0" tests="1" name="com.mycustomgun.TestRunner.TC3_GunBuilder_PageValidation" time="2.752" errors="0" timestamp="2021-07-25T01:58:15 IST" skipped="0">
  <testcase classname="com.mycustomgun.TestRunner.TC3_GunBuilder_PageValidation" name="customer_Registraion" time="2.752"/>
  <system-out/>
</testsuite> <!-- com.mycustomgun.TestRunner.TC3_GunBuilder_PageValidation -->
