<?xml version="1.0" encoding="UTF-8"?>
<!-- Generated by org.testng.reporters.JUnitReportReporter -->
<testsuite hostname="DESKTOP-JQMCIDH" failures="0" tests="1" name="com.homeaharaa.TestRunner.web.TC1_BuySnackitem" time="68.791" errors="0" timestamp="2021-10-17T10:02:09 IST" skipped="0">
  <testcase classname="com.homeaharaa.TestRunner.web.TC1_BuySnackitem" name="validatesweetitems" time="68.791"/>
  <system-out/>
</testsuite> <!-- com.homeaharaa.TestRunner.web.TC1_BuySnackitem -->
