<?xml version="1.0" encoding="UTF-8"?>
<!-- Generated by org.testng.reporters.JUnitReportReporter -->
<testsuite hostname="NetprosDE" failures="0" tests="1" name="com.mycustomgun.Utils.NadaEMailService" time="0.008" errors="0" timestamp="2021-07-25T00:24:03 IST" skipped="0">
  <testcase classname="com.mycustomgun.Utils.NadaEMailService" name="generateEmailId" time="0.008"/>
  <system-out/>
</testsuite> <!-- com.mycustomgun.Utils.NadaEMailService -->
