<?xml version="1.0" encoding="UTF-8"?>
<!-- Generated by org.testng.reporters.JUnitReportReporter -->
<testsuite hostname="DESKTOP-JQMCIDH" failures="0" tests="1" name="com.homeaharaa.TestRunner.web.TC1_PapadPriceValidation" time="25.984" errors="0" timestamp="2021-10-18T10:55:09 IST" skipped="0">
  <testcase classname="com.homeaharaa.TestRunner.web.TC1_PapadPriceValidation" name="validatesweetitems" time="25.984"/>
  <system-out/>
</testsuite> <!-- com.homeaharaa.TestRunner.web.TC1_PapadPriceValidation -->
