<?xml version="1.0" encoding="UTF-8"?>
<!-- Generated by org.testng.reporters.JUnitReportReporter -->
<testsuite hostname="NetprosDE" failures="0" tests="1" name="com.mycustomgun.TestRunner.web.RegressionNewUserRegisterAndOrder" time="229.446" errors="0" timestamp="2021-08-22T19:30:09 IST" skipped="0">
  <testcase classname="com.mycustomgun.TestRunner.web.RegressionNewUserRegisterAndOrder" name="guestUser_ClickGunBuilder_Pages" time="229.446"/>
  <system-out/>
</testsuite> <!-- com.mycustomgun.TestRunner.web.RegressionNewUserRegisterAndOrder -->
