<?xml version="1.0" encoding="UTF-8"?>
<!-- Generated by org.testng.reporters.JUnitReportReporter -->
<testsuite hostname="NetprosDE" failures="0" tests="1" name="com.mycustomgun.TestRunner.web.TC15_Verify_Creation_Selections" time="107.689" errors="0" timestamp="2021-08-21T11:51:33 IST" skipped="0">
  <testcase classname="com.mycustomgun.TestRunner.web.TC15_Verify_Creation_Selections" name="guestUser_ClickGunBuilder_Pages" time="107.689"/>
  <system-out/>
</testsuite> <!-- com.mycustomgun.TestRunner.web.TC15_Verify_Creation_Selections -->
