<?xml version="1.0" encoding="UTF-8"?>
<!-- Generated by org.testng.reporters.JUnitReportReporter -->
<testsuite hostname="NetprosDE" failures="0" tests="1" name="com.mycustomgun.TestRunner.web.TC7_Verify_Upper_Selections" time="51.701" errors="0" timestamp="2021-08-19T17:30:39 IST" skipped="0">
  <testcase classname="com.mycustomgun.TestRunner.web.TC7_Verify_Upper_Selections" name="guestUser_ClickGunBuilder_Pages" time="51.701"/>
  <system-out/>
</testsuite> <!-- com.mycustomgun.TestRunner.web.TC7_Verify_Upper_Selections -->
