<?xml version="1.0" encoding="UTF-8"?>
<!-- Generated by org.testng.reporters.JUnitReportReporter -->
<testsuite hostname="NetprosDE" failures="0" tests="1" name="com.mycustomgun.TestRunner.web.TC8_Verify_RailSystem_Selections" time="57.865" errors="0" timestamp="2021-08-19T18:03:08 IST" skipped="0">
  <testcase classname="com.mycustomgun.TestRunner.web.TC8_Verify_RailSystem_Selections" name="guestUser_ClickGunBuilder_Pages" time="57.865"/>
  <system-out/>
</testsuite> <!-- com.mycustomgun.TestRunner.web.TC8_Verify_RailSystem_Selections -->
