<?xml version="1.0" encoding="UTF-8"?>
<!-- Generated by org.testng.reporters.JUnitReportReporter -->
<testsuite hostname="NetprosDE" failures="0" tests="1" name="com.mycustomgun.TestRunner.MainTest" time="5.402" errors="0" timestamp="2021-07-24T16:06:36 IST" skipped="0">
  <testcase classname="com.mycustomgun.TestRunner.MainTest" name="customer_Registraion" time="5.402"/>
  <system-out/>
</testsuite> <!-- com.mycustomgun.TestRunner.MainTest -->
