<?xml version="1.0" encoding="UTF-8"?>
<!-- Generated by org.testng.reporters.JUnitReportReporter -->
<testsuite hostname="DESKTOP-JQMCIDH" failures="0" tests="1" name="com.homeaharaa.TestRunner.web.TC1_SweetPriceValidation" time="193.054" errors="0" timestamp="2021-10-16T04:50:51 IST" skipped="0">
  <testcase classname="com.homeaharaa.TestRunner.web.TC1_SweetPriceValidation" name="validatesweetitems" time="193.054"/>
  <system-out/>
</testsuite> <!-- com.homeaharaa.TestRunner.web.TC1_SweetPriceValidation -->
