<?xml version="1.0" encoding="UTF-8"?>
<!-- Generated by org.testng.reporters.JUnitReportReporter -->
<testsuite hostname="NetprosDE" failures="0" tests="1" name="com.mycustomgun.TestRunner.api.TC1_API_Login" time="6.235" errors="0" timestamp="2021-08-22T20:47:17 IST" skipped="0">
  <testcase classname="com.mycustomgun.TestRunner.api.TC1_API_Login" name="customer_Registraion" time="6.235"/>
  <system-out/>
</testsuite> <!-- com.mycustomgun.TestRunner.api.TC1_API_Login -->
