<?xml version="1.0" encoding="UTF-8"?>
<!-- Generated by org.testng.reporters.JUnitReportReporter -->
<testsuite hostname="NetprosDE" failures="0" tests="1" name="com.mycustomgun.TestRunner.web.TC10_Verify_Accessories_Selections" time="64.632" errors="0" timestamp="2021-08-19T20:53:41 IST" skipped="0">
  <testcase classname="com.mycustomgun.TestRunner.web.TC10_Verify_Accessories_Selections" name="guestUser_ClickGunBuilder_Pages" time="64.632"/>
  <system-out/>
</testsuite> <!-- com.mycustomgun.TestRunner.web.TC10_Verify_Accessories_Selections -->
