<?xml version="1.0" encoding="UTF-8"?>
<!-- Generated by org.testng.reporters.JUnitReportReporter -->
<testsuite hostname="NetprosDE" failures="0" tests="1" name="com.mycustomgun.TestRunner.web.TC19_Verify_Review_Selections" time="132.002" errors="0" timestamp="2021-08-22T01:03:41 IST" skipped="0">
  <testcase classname="com.mycustomgun.TestRunner.web.TC19_Verify_Review_Selections" name="guestUser_ClickGunBuilder_Pages" time="132.002"/>
  <system-out/>
</testsuite> <!-- com.mycustomgun.TestRunner.web.TC19_Verify_Review_Selections -->
