<?xml version="1.0" encoding="UTF-8"?>
<!-- Generated by org.testng.reporters.JUnitReportReporter -->
<testsuite hostname="NetprosDE" failures="0" tests="1" name="com.mycustomgun.TestRunner.web.TC17_Verify_Shipping_Selections" time="124.891" errors="0" timestamp="2021-08-21T20:20:48 IST" skipped="0">
  <testcase classname="com.mycustomgun.TestRunner.web.TC17_Verify_Shipping_Selections" name="guestUser_ClickGunBuilder_Pages" time="124.891"/>
  <system-out/>
</testsuite> <!-- com.mycustomgun.TestRunner.web.TC17_Verify_Shipping_Selections -->
