<?xml version="1.0" encoding="UTF-8"?>
<!-- Generated by org.testng.reporters.JUnitReportReporter -->
<testsuite hostname="NetprosDE" failures="0" tests="1" name="com.mycustomgun.TestRunner.web.TC12_Verify_Cerakote_Selections" time="76.797" errors="0" timestamp="2021-08-20T01:51:01 IST" skipped="0">
  <testcase classname="com.mycustomgun.TestRunner.web.TC12_Verify_Cerakote_Selections" name="guestUser_ClickGunBuilder_Pages" time="76.797"/>
  <system-out/>
</testsuite> <!-- com.mycustomgun.TestRunner.web.TC12_Verify_Cerakote_Selections -->
