<?xml version="1.0" encoding="UTF-8"?>
<!-- Generated by org.testng.reporters.JUnitReportReporter -->
<testsuite hostname="NetprosDE" failures="0" tests="1" name="com.mycustomgun.TestRunner.web.TC18_Verify_FLL_Selections" time="115.791" errors="0" timestamp="2021-08-21T22:17:44 IST" skipped="0">
  <testcase classname="com.mycustomgun.TestRunner.web.TC18_Verify_FLL_Selections" name="guestUser_ClickGunBuilder_Pages" time="115.791"/>
  <system-out/>
</testsuite> <!-- com.mycustomgun.TestRunner.web.TC18_Verify_FLL_Selections -->
