<?xml version="1.0" encoding="UTF-8"?>
<!-- Generated by org.testng.reporters.JUnitReportReporter -->
<testsuite hostname="NetprosDE" failures="0" tests="1" name="com.mycustomgun.TestRunner.web.TC6_Verify_Lower_Selections" time="33.066" errors="0" timestamp="2021-08-19T12:07:29 IST" skipped="0">
  <testcase classname="com.mycustomgun.TestRunner.web.TC6_Verify_Lower_Selections" name="guestUser_FillLowerDetails_GunBuilder" time="33.066"/>
  <system-out/>
</testsuite> <!-- com.mycustomgun.TestRunner.web.TC6_Verify_Lower_Selections -->
