<?xml version="1.0" encoding="UTF-8"?>
<!-- Generated by org.testng.reporters.JUnitReportReporter -->
<testsuite hostname="NetprosDE" failures="0" tests="1" name="com.mycustomgun.TestRunner.web.TC2_Registratino_Form" time="31.204" errors="0" timestamp="2021-08-12T07:09:08 IST" skipped="0">
  <testcase classname="com.mycustomgun.TestRunner.web.TC2_Registratino_Form" name="customer_Registraion" time="31.204"/>
  <system-out/>
</testsuite> <!-- com.mycustomgun.TestRunner.web.TC2_Registratino_Form -->
