<?xml version="1.0" encoding="UTF-8"?>
<!-- Generated by org.testng.reporters.JUnitReportReporter -->
<testsuite skipped="0" hostname="DESKTOP-KHRC35D" name="com.homeaharaa.TestRunner.web.TC_ReadymadePowders" tests="1" failures="0" timestamp="07 Oct 2021 10:14:44 GMT" time="62.142" errors="0">
  <testcase name="customer_Registraion" time="62.142" classname="com.homeaharaa.TestRunner.web.TC_ReadymadePowders"/>
</testsuite> <!-- com.homeaharaa.TestRunner.web.TC_ReadymadePowders -->
