<?xml version="1.0" encoding="UTF-8"?>
<!-- Generated by org.testng.reporters.JUnitReportReporter -->
<testsuite hostname="NetprosDE" failures="0" tests="1" name="com.mycustomgun.TestRunner.web.TC9_Verify_MuzzleDevice_Selections" time="64.863" errors="0" timestamp="2021-08-19T20:25:09 IST" skipped="0">
  <testcase classname="com.mycustomgun.TestRunner.web.TC9_Verify_MuzzleDevice_Selections" name="guestUser_ClickGunBuilder_Pages" time="64.863"/>
  <system-out/>
</testsuite> <!-- com.mycustomgun.TestRunner.web.TC9_Verify_MuzzleDevice_Selections -->
