<?xml version="1.0" encoding="UTF-8"?>
<!-- Generated by org.testng.reporters.JUnitReportReporter -->
<testsuite hostname="DESKTOP-JQMCIDH" failures="0" tests="1" name="com.homeaharaa.TestRunner.web.TC1_LoginValidation" time="13.099" errors="0" timestamp="2021-10-17T15:43:42 IST" skipped="0">
  <testcase classname="com.homeaharaa.TestRunner.web.TC1_LoginValidation" name="validatesweetitems" time="13.099"/>
  <system-out/>
</testsuite> <!-- com.homeaharaa.TestRunner.web.TC1_LoginValidation -->
