<?xml version="1.0" encoding="UTF-8"?>
<!-- Generated by org.testng.reporters.JUnitReportReporter -->
<testsuite hostname="NetprosDE" failures="0" tests="2" name="com.info.TestRunner.MainTest" time="4.841" errors="0" timestamp="2021-07-21T16:42:01 IST" skipped="1">
  <testcase classname="com.info.TestRunner.MainTest" name="customer_Registraion" time="4.841"/>
  <system-out/>
  <testcase classname="com.info.TestRunner.MainTest" name="customer_Payment">
    <skipped/>
  </testcase> <!-- customer_Payment -->
  <system-out/>
</testsuite> <!-- com.info.TestRunner.MainTest -->
