<?xml version="1.0" encoding="UTF-8"?>
<!-- Generated by org.testng.reporters.JUnitReportReporter -->
<testsuite hostname="NetprosDE" failures="0" tests="1" name="com.mycustomgun.TestRunner.web.TC13_Verify_Engraving_Selections" time="91.538" errors="0" timestamp="2021-08-20T19:05:39 IST" skipped="0">
  <testcase classname="com.mycustomgun.TestRunner.web.TC13_Verify_Engraving_Selections" name="guestUser_ClickGunBuilder_Pages" time="91.538"/>
  <system-out/>
</testsuite> <!-- com.mycustomgun.TestRunner.web.TC13_Verify_Engraving_Selections -->
