<?xml version="1.0" encoding="UTF-8"?>
<!-- Generated by org.testng.reporters.JUnitReportReporter -->
<testsuite hostname="DESKTOP-JQMCIDH" failures="0" tests="1" name="com.homeaharaa.TestRunner.web.TC1_papadshippingprice" time="90.067" errors="0" timestamp="2021-10-19T14:57:15 IST" skipped="0">
  <testcase classname="com.homeaharaa.TestRunner.web.TC1_papadshippingprice" name="validatesweetitems" time="90.067"/>
  <system-out/>
</testsuite> <!-- com.homeaharaa.TestRunner.web.TC1_papadshippingprice -->
