<?xml version="1.0" encoding="UTF-8"?>
<!-- Generated by org.testng.reporters.JUnitReportReporter -->
<testsuite hostname="NetprosDE" failures="0" tests="1" name="com.mycustomgun.TestRunner.web.TC4_GunBuilder_HeaderLinks" time="9.381" errors="0" timestamp="2021-08-12T07:09:08 IST" skipped="0">
  <testcase classname="com.mycustomgun.TestRunner.web.TC4_GunBuilder_HeaderLinks" name="guestUser_ClickGunBuilder_Pages" time="9.381"/>
  <system-out/>
</testsuite> <!-- com.mycustomgun.TestRunner.web.TC4_GunBuilder_HeaderLinks -->
